2020-11-13 07:24:49,989 INFO  [org.jboss.modules] (main) JBoss Modules version 1.10.1.Final
2020-11-13 07:24:51,664 INFO  [org.jboss.msc] (main) JBoss MSC version 1.4.11.Final
2020-11-13 07:24:51,673 INFO  [org.jboss.threads] (main) JBoss Threads version 2.3.3.Final
2020-11-13 07:24:52,229 INFO  [org.jboss.as] (MSC service thread 1-2) WFLYSRV0049: WildFly Full 20.0.0.Final (WildFly Core 12.0.1.Final) starting
2020-11-13 07:24:52,242 DEBUG [org.jboss.as.config] (MSC service thread 1-2) Configured system properties:
	awt.toolkit = sun.awt.windows.WToolkit
	file.encoding = Cp1252
	file.separator = \
	java.awt.graphicsenv = sun.awt.Win32GraphicsEnvironment
	java.awt.headless = true
	java.awt.printerjob = sun.awt.windows.WPrinterJob
	java.class.path = C:\Users\xa_cx\Downloads\APP DISTRIBUIDAS\jee\wildfly-20.0.0.Final\wildfly-20.0.0.Final\jboss-modules.jar
	java.class.version = 55.0
	java.home = C:\Program Files\Java\jdk-11.0.9
	java.io.tmpdir = C:\Users\xa_cx\AppData\Local\Temp\
	java.library.path = C:\Program Files\Java\jdk-11.0.9\bin;C:\WINDOWS\Sun\Java\bin;C:\WINDOWS\system32;C:\WINDOWS;native;C:\Program Files\Common Files\Oracle\Java\javapath;C:\Program Files\Java\jdk-11.0.9\bin;C:\oraclexe\app\oracle\product\11.2.0\server\bin;C:\Program Files (x86)\Common Files\Oracle\Java\javapath;C:\ProgramData\Oracle\Java\javapath;C:\Program Files (x86)\Intel\iCLS Client\;C:\Program Files\Intel\iCLS Client\;C:\Windows\system32;C:\Windows;C:\Windows\System32\Wbem;C:\Windows\System32\WindowsPowerShell\v1.0\;C:\Program Files (x86)\NVIDIA Corporation\PhysX\Common;C:\Program Files (x86)\Intel\Intel(R) Management Engine Components\DAL;C:\Program Files\Intel\Intel(R) Management Engine Components\DAL;C:\Program Files (x86)\Intel\Intel(R) Management Engine Components\IPT;C:\Program Files\Intel\Intel(R) Management Engine Components\IPT;C:\Program Files\Intel\WiFi\bin\;C:\Program Files\Common Files\Intel\WirelessCommon\;C:\WINDOWS\system32;C:\WINDOWS;C:\WINDOWS\System32\Wbem;C:\WINDOWS\System32\WindowsPowerShell\v1.0\;C:\WINDOWS\System32\OpenSSH\;C:\Program Files\NVIDIA Corporation\NVIDIA NvDLISR;C:\src\flutter\bin;C:\Program Files\Dart\dart-sdk\bin;C:\Program Files\nodejs\;C:\maven\apache-maven-3.6.3\bin;C:\Program Files\dotnet\;C:\Program Files\Git\cmd;C:\WINDOWS\system32;C:\WINDOWS;C:\WINDOWS\System32\Wbem;C:\WINDOWS\System32\WindowsPowerShell\v1.0\;C:\WINDOWS\System32\OpenSSH\;C:\Users\xa_cx\AppData\Local\Programs\Python\Python38\Scripts\;C:\Users\xa_cx\AppData\Local\Programs\Python\Python38\;C:\Users\xa_cx\AppData\Local\Microsoft\WindowsApps;C:\Users\xa_cx\AppData\Local\Programs\Microsoft VS Code\bin;C:\Users\xa_cx\AppData\Roaming\npm;C:\Program Files\JetBrains\PyCharm Community Edition 2019.3.2\bin;C:\Users\xa_cx\AppData\Local\Microsoft\WindowsApps;C:\src\flutter\bin;;.
	java.net.preferIPv4Stack = true
	java.runtime.name = Java(TM) SE Runtime Environment
	java.runtime.version = 11.0.9+7-LTS
	java.specification.name = Java Platform API Specification
	java.specification.vendor = Oracle Corporation
	java.specification.version = 11
	java.util.logging.manager = org.jboss.logmanager.LogManager
	java.vendor = Oracle Corporation
	java.vendor.url = https://openjdk.java.net/
	java.vendor.url.bug = https://bugreport.java.com/bugreport/
	java.vendor.version = 18.9
	java.version = 11.0.9
	java.version.date = 2020-10-20
	java.vm.compressedOopsMode = 32-bit
	java.vm.info = mixed mode
	java.vm.name = Java HotSpot(TM) 64-Bit Server VM
	java.vm.specification.name = Java Virtual Machine Specification
	java.vm.specification.vendor = Oracle Corporation
	java.vm.specification.version = 11
	java.vm.vendor = Oracle Corporation
	java.vm.version = 11.0.9+7-LTS
	javax.management.builder.initial = org.jboss.as.jmx.PluggableMBeanServerBuilder
	jboss.bind.address = localhost
	jboss.bind.address.management = localhost
	jboss.home.dir = C:\Users\xa_cx\Downloads\APP DISTRIBUIDAS\jee\wildfly-20.0.0.Final\wildfly-20.0.0.Final
	jboss.host.name = desktop-1it8m2p
	jboss.modules.dir = C:\Users\xa_cx\Downloads\APP DISTRIBUIDAS\jee\wildfly-20.0.0.Final\wildfly-20.0.0.Final\modules
	jboss.modules.system.pkgs = org.jboss.byteman
	jboss.node.name = desktop-1it8m2p
	jboss.qualified.host.name = desktop-1it8m2p
	jboss.server.base.dir = C:\Users\xa_cx\Downloads\APP DISTRIBUIDAS\jee\wildfly-20.0.0.Final\wildfly-20.0.0.Final\standalone
	jboss.server.config.dir = C:\Users\xa_cx\Downloads\APP DISTRIBUIDAS\jee\wildfly-20.0.0.Final\wildfly-20.0.0.Final\standalone\configuration
	jboss.server.data.dir = C:\Users\xa_cx\Downloads\APP DISTRIBUIDAS\jee\wildfly-20.0.0.Final\wildfly-20.0.0.Final\standalone\data
	jboss.server.deploy.dir = C:\Users\xa_cx\Downloads\APP DISTRIBUIDAS\jee\wildfly-20.0.0.Final\wildfly-20.0.0.Final\standalone\data\content
	jboss.server.log.dir = C:\Users\xa_cx\Downloads\APP DISTRIBUIDAS\jee\wildfly-20.0.0.Final\wildfly-20.0.0.Final\standalone\log
	jboss.server.name = desktop-1it8m2p
	jboss.server.persist.config = true
	jboss.server.temp.dir = C:\Users\xa_cx\Downloads\APP DISTRIBUIDAS\jee\wildfly-20.0.0.Final\wildfly-20.0.0.Final\standalone\tmp
	jdk.debug = release
	line.separator = 

	logging.configuration = file:C:\Users\xa_cx\Downloads\APP DISTRIBUIDAS\jee\wildfly-20.0.0.Final\wildfly-20.0.0.Final\standalone\configuration\logging.properties
	module.path = C:\Users\xa_cx\Downloads\APP DISTRIBUIDAS\jee\wildfly-20.0.0.Final\wildfly-20.0.0.Final\modules
	org.jboss.boot.log.file = C:\Users\xa_cx\Downloads\APP DISTRIBUIDAS\jee\wildfly-20.0.0.Final\wildfly-20.0.0.Final\standalone\log\boot.log
	org.jboss.logmanager.nocolor = true
	org.jboss.resolver.warning = true
	os.arch = amd64
	os.name = Windows 10
	os.version = 10.0
	path.separator = ;
	program.name = JBossTools: WildFly 20
	sun.arch.data.model = 64
	sun.boot.library.path = C:\Program Files\Java\jdk-11.0.9\bin
	sun.cpu.endian = little
	sun.cpu.isalist = amd64
	sun.desktop = windows
	sun.io.unicode.encoding = UnicodeLittle
	sun.java.command = org.jboss.modules.Main -mp C:\Users\xa_cx\Downloads\APP DISTRIBUIDAS\jee\wildfly-20.0.0.Final\wildfly-20.0.0.Final\modules org.jboss.as.standalone -b localhost --server-config=standalone.xml -Djboss.server.base.dir=C:\Users\xa_cx\Downloads\APP DISTRIBUIDAS\jee\wildfly-20.0.0.Final\wildfly-20.0.0.Final\standalone
	sun.java.launcher = SUN_STANDARD
	sun.jnu.encoding = Cp1252
	sun.management.compiler = HotSpot 64-Bit Tiered Compilers
	sun.os.patch.level = 
	sun.rmi.dgc.client.gcInterval = 3600000
	sun.rmi.dgc.server.gcInterval = 3600000
	user.country = ES
	user.dir = C:\Users\xa_cx\Downloads\APP DISTRIBUIDAS\jee\wildfly-20.0.0.Final\wildfly-20.0.0.Final\bin
	user.home = C:\Users\xa_cx
	user.language = es
	user.name = Starman
	user.script = 
	user.timezone = America/Bogota
	user.variant = 
2020-11-13 07:24:52,255 DEBUG [org.jboss.as.config] (MSC service thread 1-2) VM Arguments: -Dprogram.name=JBossTools: WildFly 20 -Xms64m -Xmx512m -Dorg.jboss.resolver.warning=true -Djava.net.preferIPv4Stack=true -Dsun.rmi.dgc.client.gcInterval=3600000 -Dsun.rmi.dgc.server.gcInterval=3600000 -Djboss.modules.system.pkgs=org.jboss.byteman -Djava.awt.headless=true -Dorg.jboss.boot.log.file=C:\Users\xa_cx\Downloads\APP DISTRIBUIDAS\jee\wildfly-20.0.0.Final\wildfly-20.0.0.Final\standalone\log\boot.log -Dlogging.configuration=file:C:\Users\xa_cx\Downloads\APP DISTRIBUIDAS\jee\wildfly-20.0.0.Final\wildfly-20.0.0.Final\standalone\configuration\logging.properties -Djboss.home.dir=C:\Users\xa_cx\Downloads\APP DISTRIBUIDAS\jee\wildfly-20.0.0.Final\wildfly-20.0.0.Final -Dorg.jboss.logmanager.nocolor=true --add-exports=java.base/sun.nio.ch=ALL-UNNAMED --add-exports=jdk.unsupported/sun.misc=ALL-UNNAMED --add-exports=jdk.unsupported/sun.reflect=ALL-UNNAMED --add-modules=java.se -Djboss.bind.address.management=localhost -Dfile.encoding=Cp1252 
2020-11-13 07:24:57,418 INFO  [org.wildfly.security] (ServerService Thread Pool -- 28) ELY00001: WildFly Elytron version 1.12.1.Final
2020-11-13 07:24:59,823 INFO  [org.jboss.as.controller.management-deprecated] (Controller Boot Thread) WFLYCTL0028: Attribute 'security-realm' in the resource at address '/core-service=management/management-interface=http-interface' is deprecated, and may be removed in a future version. See the attribute description in the output of the read-resource-description operation to learn more about the deprecation.
2020-11-13 07:25:00,242 INFO  [org.jboss.as.controller.management-deprecated] (ServerService Thread Pool -- 34) WFLYCTL0028: Attribute 'security-realm' in the resource at address '/subsystem=undertow/server=default-server/https-listener=https' is deprecated, and may be removed in a future version. See the attribute description in the output of the read-resource-description operation to learn more about the deprecation.
2020-11-13 07:25:00,464 INFO  [org.jboss.as.server] (Controller Boot Thread) WFLYSRV0039: Creating http management service using socket-binding (management-http)
2020-11-13 07:25:00,521 INFO  [org.xnio] (MSC service thread 1-6) XNIO version 3.8.1.Final
2020-11-13 07:25:00,527 INFO  [org.xnio.nio] (MSC service thread 1-6) XNIO NIO Implementation Version 3.8.1.Final
2020-11-13 07:25:00,560 INFO  [org.jboss.as.clustering.infinispan] (ServerService Thread Pool -- 52) WFLYCLINF0001: Activating Infinispan subsystem.
2020-11-13 07:25:00,581 INFO  [org.wildfly.extension.microprofile.config.smallrye._private] (ServerService Thread Pool -- 61) WFLYCONF0001: Activating WildFly MicroProfile Config Subsystem
2020-11-13 07:25:00,569 INFO  [org.wildfly.extension.microprofile.jwt.smallrye._private] (ServerService Thread Pool -- 63) WFLYJWT0001: Activating WildFly MicroProfile JWT Subsystem
2020-11-13 07:25:00,586 INFO  [org.wildfly.extension.microprofile.metrics.smallrye] (ServerService Thread Pool -- 64) WFLYMETRICS0001: Activating Eclipse MicroProfile Metrics Subsystem
2020-11-13 07:25:00,586 INFO  [org.wildfly.extension.microprofile.health.smallrye] (ServerService Thread Pool -- 62) WFLYHEALTH0001: Activating Eclipse MicroProfile Health Subsystem
2020-11-13 07:25:00,588 INFO  [org.jboss.as.jsf] (ServerService Thread Pool -- 59) WFLYJSF0007: Activated the following JSF Implementations: [main]
2020-11-13 07:25:00,590 INFO  [org.jboss.as.naming] (ServerService Thread Pool -- 66) WFLYNAM0001: Activating Naming Subsystem
2020-11-13 07:25:00,596 WARN  [org.jboss.as.txn] (ServerService Thread Pool -- 74) WFLYTX0013: The node-identifier attribute on the /subsystem=transactions is set to the default value. This is a danger for environments running multiple servers. Please make sure the attribute value is unique.
2020-11-13 07:25:00,600 INFO  [org.jboss.as.webservices] (ServerService Thread Pool -- 76) WFLYWS0002: Activating WebServices Extension
2020-11-13 07:25:00,601 INFO  [org.wildfly.extension.io] (ServerService Thread Pool -- 53) WFLYIO001: Worker 'default' has auto-configured to 16 IO threads with 128 max task threads based on your 8 available processors
2020-11-13 07:25:00,605 INFO  [org.wildfly.extension.microprofile.opentracing] (ServerService Thread Pool -- 65) WFLYTRACEXT0001: Activating MicroProfile OpenTracing Subsystem
2020-11-13 07:25:00,619 INFO  [org.jboss.as.security] (ServerService Thread Pool -- 72) WFLYSEC0002: Activating Security Subsystem
2020-11-13 07:25:00,626 INFO  [org.jboss.as.connector] (MSC service thread 1-2) WFLYJCA0009: Starting JCA Subsystem (WildFly/IronJacamar 1.4.22.Final)
2020-11-13 07:25:00,633 INFO  [org.jboss.as.security] (MSC service thread 1-2) WFLYSEC0001: Current PicketBox version=5.0.3.Final-redhat-00005
2020-11-13 07:25:00,643 INFO  [org.jboss.as.jaxrs] (ServerService Thread Pool -- 54) WFLYRS0016: RESTEasy version 3.12.1.Final
2020-11-13 07:25:00,703 INFO  [org.wildfly.extension.undertow] (MSC service thread 1-3) WFLYUT0003: Undertow 2.1.3.Final starting
2020-11-13 07:25:00,717 INFO  [org.jboss.as.connector.subsystems.datasources] (ServerService Thread Pool -- 44) WFLYJCA0004: Deploying JDBC-compliant driver class org.h2.Driver (version 1.4)
2020-11-13 07:25:00,770 INFO  [org.jboss.as.connector.deployers.jdbc] (MSC service thread 1-4) WFLYJCA0018: Started Driver service with driver-name = h2
2020-11-13 07:25:00,795 INFO  [org.jboss.as.naming] (MSC service thread 1-2) WFLYNAM0003: Starting Naming Service
2020-11-13 07:25:00,903 INFO  [org.jboss.as.mail.extension] (MSC service thread 1-4) WFLYMAIL0001: Bound mail session [java:jboss/mail/Default]
2020-11-13 07:25:00,971 INFO  [org.jboss.as.connector.subsystems.datasources] (ServerService Thread Pool -- 44) WFLYJCA0004: Deploying JDBC-compliant driver class oracle.jdbc.OracleDriver (version 11.1)
2020-11-13 07:25:00,979 INFO  [org.jboss.remoting] (MSC service thread 1-2) JBoss Remoting version 5.0.18.Final
2020-11-13 07:25:01,062 INFO  [org.jboss.as.connector.deployers.jdbc] (MSC service thread 1-7) WFLYJCA0018: Started Driver service with driver-name = oracle-driver
2020-11-13 07:25:01,087 INFO  [org.jboss.as.connector.subsystems.datasources] (ServerService Thread Pool -- 44) WFLYJCA0005: Deploying non-JDBC-compliant driver class org.postgresql.Driver (version 9.4)
2020-11-13 07:25:01,120 INFO  [org.jboss.as.connector.deployers.jdbc] (MSC service thread 1-3) WFLYJCA0018: Started Driver service with driver-name = postgresql-driver
2020-11-13 07:25:01,160 INFO  [org.wildfly.extension.undertow] (ServerService Thread Pool -- 75) WFLYUT0014: Creating file handler for path 'C:\Users\xa_cx\Downloads\APP DISTRIBUIDAS\jee\wildfly-20.0.0.Final\wildfly-20.0.0.Final/welcome-content' with options [directory-listing: 'false', follow-symlink: 'false', case-sensitive: 'true', safe-symlink-paths: '[]']
2020-11-13 07:25:01,188 INFO  [org.wildfly.extension.undertow] (MSC service thread 1-7) WFLYUT0012: Started server default-server.
2020-11-13 07:25:01,190 INFO  [org.wildfly.extension.undertow] (MSC service thread 1-4) WFLYUT0018: Host default-host starting
2020-11-13 07:25:01,227 INFO  [org.jboss.as.ejb3] (MSC service thread 1-1) WFLYEJB0481: Strict pool slsb-strict-max-pool is using a max instance size of 128 (per class), which is derived from thread worker pool sizing.
2020-11-13 07:25:01,238 INFO  [org.jboss.as.ejb3] (MSC service thread 1-6) WFLYEJB0482: Strict pool mdb-strict-max-pool is using a max instance size of 32 (per class), which is derived from the number of CPUs on this host.
2020-11-13 07:25:02,237 INFO  [org.wildfly.extension.undertow] (MSC service thread 1-7) WFLYUT0006: Undertow HTTP listener default listening on 127.0.0.1:8080
2020-11-13 07:25:02,906 INFO  [org.jboss.as.ejb3] (MSC service thread 1-8) WFLYEJB0493: EJB subsystem suspension complete
2020-11-13 07:25:03,066 INFO  [org.jboss.as.patching] (MSC service thread 1-7) WFLYPAT0050: WildFly Full cumulative patch ID is: base, one-off patches include: none
2020-11-13 07:25:03,232 WARN  [org.jboss.as.domain.management.security] (MSC service thread 1-5) WFLYDM0111: Keystore C:\Users\xa_cx\Downloads\APP DISTRIBUIDAS\jee\wildfly-20.0.0.Final\wildfly-20.0.0.Final\standalone\configuration\application.keystore not found, it will be auto generated on first use with a self signed certificate for host localhost
